<?xml version="1.0" encoding="UTF-8"?>
<!-- Generated by org.testng.reporters.JUnitReportReporter -->
<testsuite hostname="gireesha" name="com.traveledge.testcasesAir.Roundtrip" tests="1" failures="0" timestamp="17 May 2017 21:38:12 GMT" time="177.626" errors="0">
  <testcase name="bookRoundTrip" time="177.626" classname="com.traveledge.testcasesAir.Roundtrip"/>
</testsuite> <!-- com.traveledge.testcasesAir.Roundtrip -->
